2025-04-24 02:58:53,836 WARNING database DDL Query made to DB:
ALTER TABLE `tabPatient et demande` MODIFY `poid_estimé_kg` decimal(21,9) not null default 0, MODIFY `date` datetime(6), MODIFY `taille_estimecm` decimal(21,9) not null default 0
2025-04-24 02:58:54,297 WARNING database DDL Query made to DB:
ALTER TABLE `tabPatient et demande` ADD COLUMN `custom_prosthesis_in_place` int(1) not null default 0
2025-04-24 02:58:54,307 WARNING database DDL Query made to DB:
ALTER TABLE `tabPatient et demande` MODIFY `date` datetime(6), MODIFY `poid_estimé_kg` decimal(21,9) not null default 0, MODIFY `taille_estimecm` decimal(21,9) not null default 0
2025-04-24 02:58:54,761 WARNING database DDL Query made to DB:
ALTER TABLE `tabPatient et demande` ADD COLUMN `custom_prosthesis_installation_date` date
2025-04-24 02:58:54,769 WARNING database DDL Query made to DB:
ALTER TABLE `tabPatient et demande` MODIFY `poid_estimé_kg` decimal(21,9) not null default 0, MODIFY `taille_estimecm` decimal(21,9) not null default 0, MODIFY `date` datetime(6)
2025-04-24 02:58:55,213 WARNING database DDL Query made to DB:
ALTER TABLE `tabPatient et demande` MODIFY `taille_estimecm` decimal(21,9) not null default 0, MODIFY `date` datetime(6), MODIFY `poid_estimé_kg` decimal(21,9) not null default 0
2025-04-24 02:58:55,672 WARNING database DDL Query made to DB:
ALTER TABLE `tabPatient et demande` ADD COLUMN `custom_prosthesis_removed` int(1) not null default 0
2025-04-24 02:58:55,681 WARNING database DDL Query made to DB:
ALTER TABLE `tabPatient et demande` MODIFY `date` datetime(6), MODIFY `poid_estimé_kg` decimal(21,9) not null default 0, MODIFY `taille_estimecm` decimal(21,9) not null default 0
2025-04-24 02:58:56,150 WARNING database DDL Query made to DB:
ALTER TABLE `tabPatient et demande` ADD COLUMN `custom_prosthesis_ablation_date` date
2025-04-24 02:58:56,160 WARNING database DDL Query made to DB:
ALTER TABLE `tabPatient et demande` MODIFY `poid_estimé_kg` decimal(21,9) not null default 0, MODIFY `taille_estimecm` decimal(21,9) not null default 0, MODIFY `date` datetime(6)
2025-04-24 02:58:56,603 WARNING database DDL Query made to DB:
ALTER TABLE `tabPatient et demande` MODIFY `date` datetime(6), MODIFY `taille_estimecm` decimal(21,9) not null default 0, MODIFY `poid_estimé_kg` decimal(21,9) not null default 0
2025-04-24 02:58:57,063 WARNING database DDL Query made to DB:
ALTER TABLE `tabPatient et demande` MODIFY `poid_estimé_kg` decimal(21,9) not null default 0, MODIFY `taille_estimecm` decimal(21,9) not null default 0, MODIFY `date` datetime(6)
2025-04-24 02:58:57,512 WARNING database DDL Query made to DB:
ALTER TABLE `tabPatient et demande` MODIFY `date` datetime(6), MODIFY `poid_estimé_kg` decimal(21,9) not null default 0, MODIFY `taille_estimecm` decimal(21,9) not null default 0
2025-04-24 02:58:57,985 WARNING database DDL Query made to DB:
ALTER TABLE `tabPatient et demande` ADD COLUMN `custom_prosthesis_inflammatory_signs_presence_yes` int(1) not null default 0
2025-04-24 02:58:57,995 WARNING database DDL Query made to DB:
ALTER TABLE `tabPatient et demande` MODIFY `taille_estimecm` decimal(21,9) not null default 0, MODIFY `date` datetime(6), MODIFY `poid_estimé_kg` decimal(21,9) not null default 0
2025-04-24 02:58:58,447 WARNING database DDL Query made to DB:
ALTER TABLE `tabPatient et demande` ADD COLUMN `custom_prosthesis_inflammatory_signs_observation__date` date
2025-04-24 02:58:58,456 WARNING database DDL Query made to DB:
ALTER TABLE `tabPatient et demande` MODIFY `poid_estimé_kg` decimal(21,9) not null default 0, MODIFY `date` datetime(6), MODIFY `taille_estimecm` decimal(21,9) not null default 0
2025-04-24 02:58:58,928 WARNING database DDL Query made to DB:
ALTER TABLE `tabPatient et demande` MODIFY `taille_estimecm` decimal(21,9) not null default 0, MODIFY `date` datetime(6), MODIFY `poid_estimé_kg` decimal(21,9) not null default 0
2025-04-24 02:58:59,389 WARNING database DDL Query made to DB:
ALTER TABLE `tabPatient et demande` ADD COLUMN `custom_prosthesis_inflammatory_signs_presence_no` int(1) not null default 0
2025-04-24 02:58:59,398 WARNING database DDL Query made to DB:
ALTER TABLE `tabPatient et demande` MODIFY `date` datetime(6), MODIFY `poid_estimé_kg` decimal(21,9) not null default 0, MODIFY `taille_estimecm` decimal(21,9) not null default 0
2025-04-24 02:58:59,868 WARNING database DDL Query made to DB:
ALTER TABLE `tabPatient et demande` MODIFY `poid_estimé_kg` decimal(21,9) not null default 0, MODIFY `taille_estimecm` decimal(21,9) not null default 0, MODIFY `date` datetime(6)
2025-04-24 02:59:00,340 WARNING database DDL Query made to DB:
ALTER TABLE `tabPatient et demande` MODIFY `poid_estimé_kg` decimal(21,9) not null default 0, MODIFY `taille_estimecm` decimal(21,9) not null default 0, MODIFY `date` datetime(6)
2025-04-24 02:59:02,307 WARNING database DDL Query made to DB:
ALTER TABLE `tabPatient et demande` MODIFY `poid_estimé_kg` decimal(21,9) not null default 0, MODIFY `taille_estimecm` decimal(21,9) not null default 0, MODIFY `date` datetime(6)
2025-04-24 03:05:20,151 WARNING database DDL Query made to DB:
ALTER TABLE `tabPatient et demande` MODIFY `poid_estimé_kg` decimal(21,9) not null default 0, MODIFY `date` datetime(6), MODIFY `taille_estimecm` decimal(21,9) not null default 0
2025-04-24 07:37:14,286 WARNING database DDL Query made to DB:
ALTER TABLE `tabPatient et demande` MODIFY `poid_estimé_kg` decimal(21,9) not null default 0, MODIFY `date` datetime(6), MODIFY `taille_estimecm` decimal(21,9) not null default 0
2025-04-24 07:37:14,787 WARNING database DDL Query made to DB:
ALTER TABLE `tabPatient et demande` ADD COLUMN `custom_tracheostomy_tube_inflammatory_signs_presence_yes` int(1) not null default 0
2025-04-24 07:37:14,797 WARNING database DDL Query made to DB:
ALTER TABLE `tabPatient et demande` MODIFY `poid_estimé_kg` decimal(21,9) not null default 0, MODIFY `taille_estimecm` decimal(21,9) not null default 0, MODIFY `date` datetime(6)
2025-04-24 07:37:15,280 WARNING database DDL Query made to DB:
ALTER TABLE `tabPatient et demande` ADD COLUMN `custom_tracheostomy_tube_inflammatory_signs_observation_date` date
2025-04-24 07:37:15,289 WARNING database DDL Query made to DB:
ALTER TABLE `tabPatient et demande` MODIFY `taille_estimecm` decimal(21,9) not null default 0, MODIFY `date` datetime(6), MODIFY `poid_estimé_kg` decimal(21,9) not null default 0
2025-04-24 07:37:15,766 WARNING database DDL Query made to DB:
ALTER TABLE `tabPatient et demande` MODIFY `date` datetime(6), MODIFY `taille_estimecm` decimal(21,9) not null default 0, MODIFY `poid_estimé_kg` decimal(21,9) not null default 0
2025-04-24 07:37:16,259 WARNING database DDL Query made to DB:
ALTER TABLE `tabPatient et demande` ADD COLUMN `custom_tracheostomy_tube_inflammatory_signs_presence_no` int(1) not null default 0
2025-04-24 07:37:16,267 WARNING database DDL Query made to DB:
ALTER TABLE `tabPatient et demande` MODIFY `date` datetime(6), MODIFY `poid_estimé_kg` decimal(21,9) not null default 0, MODIFY `taille_estimecm` decimal(21,9) not null default 0
2025-04-24 07:37:16,754 WARNING database DDL Query made to DB:
ALTER TABLE `tabPatient et demande` MODIFY `date` datetime(6), MODIFY `taille_estimecm` decimal(21,9) not null default 0, MODIFY `poid_estimé_kg` decimal(21,9) not null default 0
2025-04-24 07:37:17,250 WARNING database DDL Query made to DB:
ALTER TABLE `tabPatient et demande` MODIFY `taille_estimecm` decimal(21,9) not null default 0, MODIFY `date` datetime(6), MODIFY `poid_estimé_kg` decimal(21,9) not null default 0
2025-04-24 07:37:19,231 WARNING database DDL Query made to DB:
ALTER TABLE `tabPatient et demande` MODIFY `date` datetime(6), MODIFY `poid_estimé_kg` decimal(21,9) not null default 0, MODIFY `taille_estimecm` decimal(21,9) not null default 0
2025-04-24 07:40:20,745 WARNING database DDL Query made to DB:
ALTER TABLE `tabPatient et demande` MODIFY `date` datetime(6), MODIFY `poid_estimé_kg` decimal(21,9) not null default 0, MODIFY `taille_estimecm` decimal(21,9) not null default 0
2025-04-24 07:50:51,184 WARNING database DDL Query made to DB:
ALTER TABLE `tabPatient et demande` ADD COLUMN `custom_tracheal_intubation_tube_inflammatory_observation_date` date
2025-04-24 07:50:51,193 WARNING database DDL Query made to DB:
ALTER TABLE `tabPatient et demande` MODIFY `poid_estimé_kg` decimal(21,9) not null default 0, MODIFY `taille_estimecm` decimal(21,9) not null default 0, MODIFY `date` datetime(6)
2025-04-24 07:50:53,136 WARNING database DDL Query made to DB:
ALTER TABLE `tabPatient et demande` MODIFY `date` datetime(6), MODIFY `poid_estimé_kg` decimal(21,9) not null default 0, MODIFY `taille_estimecm` decimal(21,9) not null default 0
2025-04-24 07:55:22,010 WARNING database DDL Query made to DB:
ALTER TABLE `tabPatient et demande` MODIFY `date` datetime(6), MODIFY `taille_estimecm` decimal(21,9) not null default 0, MODIFY `poid_estimé_kg` decimal(21,9) not null default 0
2025-04-24 08:13:46,730 WARNING database DDL Query made to DB:
ALTER TABLE `tabPatient et demande` MODIFY `date` datetime(6), MODIFY `taille_estimecm` decimal(21,9) not null default 0, MODIFY `poid_estimé_kg` decimal(21,9) not null default 0
2025-04-24 08:39:33,296 WARNING database DDL Query made to DB:
ALTER TABLE `tabPatient et demande` MODIFY `poid_estimé_kg` decimal(21,9) not null default 0, MODIFY `taille_estimecm` decimal(21,9) not null default 0, MODIFY `date` datetime(6)
2025-04-24 11:20:31,948 WARNING database DDL Query made to DB:
alter table `tabNotice Serology Item` add column if not exists parent varchar(140)
2025-04-24 11:20:31,955 WARNING database DDL Query made to DB:
alter table `tabNotice Serology Item` add column if not exists parenttype varchar(140)
2025-04-24 11:20:31,956 WARNING database DDL Query made to DB:
alter table `tabNotice Serology Item` add column if not exists parentfield varchar(140)
2025-04-24 13:31:59,890 WARNING database DDL Query made to DB:
alter table `tabNotice Serology Item` add column if not exists parent varchar(140)
2025-04-24 13:31:59,895 WARNING database DDL Query made to DB:
alter table `tabNotice Serology Item` add column if not exists parenttype varchar(140)
2025-04-24 13:31:59,896 WARNING database DDL Query made to DB:
alter table `tabNotice Serology Item` add column if not exists parentfield varchar(140)
2025-04-25 08:19:54,734 WARNING database DDL Query made to DB:
ALTER TABLE `tabPatient et demande` MODIFY `date` datetime(6), MODIFY `poid_estimé_kg` decimal(21,9) not null default 0, MODIFY `taille_estimecm` decimal(21,9) not null default 0
2025-04-25 08:30:11,733 WARNING database DDL Query made to DB:
ALTER TABLE `tabPatient et demande` MODIFY `taille_estimecm` decimal(21,9) not null default 0, MODIFY `poid_estimé_kg` decimal(21,9) not null default 0, MODIFY `date` datetime(6)
2025-04-25 14:20:45,900 WARNING database DDL Query made to DB:
ALTER TABLE `tabPatient et demande` MODIFY `poid_estimé_kg` decimal(21,9) not null default 0, MODIFY `date` datetime(6), MODIFY `taille_estimecm` decimal(21,9) not null default 0
2025-04-29 21:15:56,052 WARNING database DDL Query made to DB:
ALTER TABLE `tabPatient et demande` MODIFY `date` datetime(6), MODIFY `taille_estimecm` decimal(21,9) not null default 0, MODIFY `poid_estimé_kg` decimal(21,9) not null default 0
2025-04-29 21:17:22,421 WARNING database DDL Query made to DB:
ALTER TABLE `tabPatient et demande` MODIFY `taille_estimecm` decimal(21,9) not null default 0, MODIFY `date` datetime(6), MODIFY `poid_estimé_kg` decimal(21,9) not null default 0
2025-04-29 21:39:42,195 WARNING database DDL Query made to DB:
ALTER TABLE `tabPatient et demande` ADD COLUMN `custom_other_foreign_material` text
2025-04-29 21:39:42,208 WARNING database DDL Query made to DB:
ALTER TABLE `tabPatient et demande` MODIFY `date` datetime(6), MODIFY `taille_estimecm` decimal(21,9) not null default 0, MODIFY `poid_estimé_kg` decimal(21,9) not null default 0
2025-04-29 21:39:44,897 WARNING database DDL Query made to DB:
ALTER TABLE `tabPatient et demande` MODIFY `date` datetime(6), MODIFY `poid_estimé_kg` decimal(21,9) not null default 0, MODIFY `taille_estimecm` decimal(21,9) not null default 0
2025-04-29 21:41:37,289 WARNING database DDL Query made to DB:
ALTER TABLE `tabPatient et demande` MODIFY `poid_estimé_kg` decimal(21,9) not null default 0, MODIFY `taille_estimecm` decimal(21,9) not null default 0, MODIFY `date` datetime(6)
2025-04-29 21:50:29,521 WARNING database DDL Query made to DB:
ALTER TABLE `tabPatient et demande` MODIFY `date` datetime(6), MODIFY `poid_estimé_kg` decimal(21,9) not null default 0, MODIFY `taille_estimecm` decimal(21,9) not null default 0
2025-04-29 21:53:11,625 WARNING database DDL Query made to DB:
ALTER TABLE `tabPatient et demande` MODIFY `poid_estimé_kg` decimal(21,9) not null default 0, MODIFY `date` datetime(6), MODIFY `taille_estimecm` decimal(21,9) not null default 0
2025-04-29 21:53:12,128 WARNING database DDL Query made to DB:
ALTER TABLE `tabPatient et demande` MODIFY `taille_estimecm` decimal(21,9) not null default 0, MODIFY `date` datetime(6), MODIFY `poid_estimé_kg` decimal(21,9) not null default 0
2025-04-29 21:53:14,100 WARNING database DDL Query made to DB:
ALTER TABLE `tabPatient et demande` MODIFY `date` datetime(6), MODIFY `taille_estimecm` decimal(21,9) not null default 0, MODIFY `poid_estimé_kg` decimal(21,9) not null default 0
2025-04-29 21:53:45,333 WARNING database DDL Query made to DB:
ALTER TABLE `tabPatient et demande` MODIFY `poid_estimé_kg` decimal(21,9) not null default 0, MODIFY `taille_estimecm` decimal(21,9) not null default 0, MODIFY `date` datetime(6)
2025-04-29 22:08:24,680 WARNING database DDL Query made to DB:
ALTER TABLE `tabPatient et demande` ADD COLUMN `custom_image_wound_photo` text
2025-04-29 22:08:24,690 WARNING database DDL Query made to DB:
ALTER TABLE `tabPatient et demande` MODIFY `date` datetime(6), MODIFY `taille_estimecm` decimal(21,9) not null default 0, MODIFY `poid_estimé_kg` decimal(21,9) not null default 0
2025-04-29 22:08:26,754 WARNING database DDL Query made to DB:
ALTER TABLE `tabPatient et demande` MODIFY `date` datetime(6), MODIFY `poid_estimé_kg` decimal(21,9) not null default 0, MODIFY `taille_estimecm` decimal(21,9) not null default 0
2025-04-29 22:09:49,711 WARNING database DDL Query made to DB:
ALTER TABLE `tabPatient et demande` MODIFY `taille_estimecm` decimal(21,9) not null default 0, MODIFY `date` datetime(6), MODIFY `poid_estimé_kg` decimal(21,9) not null default 0
2025-04-29 22:28:28,989 WARNING database DDL Query made to DB:
ALTER TABLE `tabPatient et demande` MODIFY `date` datetime(6), MODIFY `taille_estimecm` decimal(21,9) not null default 0, MODIFY `poid_estimé_kg` decimal(21,9) not null default 0
2025-04-29 22:29:15,097 WARNING database DDL Query made to DB:
ALTER TABLE `tabPatient et demande` MODIFY `poid_estimé_kg` decimal(21,9) not null default 0, MODIFY `taille_estimecm` decimal(21,9) not null default 0, MODIFY `date` datetime(6)
2025-04-29 22:44:27,434 WARNING database DDL Query made to DB:
ALTER TABLE `tabPatient et demande` ADD COLUMN `custom_radiology_image` text
2025-04-29 22:44:27,444 WARNING database DDL Query made to DB:
ALTER TABLE `tabPatient et demande` MODIFY `date` datetime(6), MODIFY `poid_estimé_kg` decimal(21,9) not null default 0, MODIFY `taille_estimecm` decimal(21,9) not null default 0
2025-04-29 22:44:28,027 WARNING database DDL Query made to DB:
ALTER TABLE `tabPatient et demande` MODIFY `taille_estimecm` decimal(21,9) not null default 0, MODIFY `poid_estimé_kg` decimal(21,9) not null default 0, MODIFY `date` datetime(6)
2025-04-29 22:45:08,567 WARNING database DDL Query made to DB:
ALTER TABLE `tabPatient et demande` MODIFY `taille_estimecm` decimal(21,9) not null default 0, MODIFY `date` datetime(6), MODIFY `poid_estimé_kg` decimal(21,9) not null default 0
2025-04-29 22:47:37,077 WARNING database DDL Query made to DB:
ALTER TABLE `tabPatient et demande` MODIFY `date` datetime(6), MODIFY `taille_estimecm` decimal(21,9) not null default 0, MODIFY `poid_estimé_kg` decimal(21,9) not null default 0
2025-04-29 22:51:47,043 WARNING database DDL Query made to DB:
ALTER TABLE `tabPatient et demande` MODIFY `poid_estimé_kg` decimal(21,9) not null default 0, MODIFY `taille_estimecm` decimal(21,9) not null default 0, MODIFY `date` datetime(6)
2025-04-29 22:51:47,595 WARNING database DDL Query made to DB:
ALTER TABLE `tabPatient et demande` MODIFY `poid_estimé_kg` decimal(21,9) not null default 0, MODIFY `taille_estimecm` decimal(21,9) not null default 0, MODIFY `date` datetime(6)
2025-04-29 23:06:15,214 WARNING database DDL Query made to DB:
ALTER TABLE `tabPatient et demande` MODIFY `taille_estimecm` decimal(21,9) not null default 0, MODIFY `date` datetime(6), MODIFY `poid_estimé_kg` decimal(21,9) not null default 0
2025-04-29 23:07:53,200 WARNING database DDL Query made to DB:
ALTER TABLE `tabPatient et demande` MODIFY `taille_estimecm` decimal(21,9) not null default 0, MODIFY `poid_estimé_kg` decimal(21,9) not null default 0, MODIFY `date` datetime(6)
2025-04-29 23:07:53,762 WARNING database DDL Query made to DB:
ALTER TABLE `tabPatient et demande` MODIFY `taille_estimecm` decimal(21,9) not null default 0, MODIFY `poid_estimé_kg` decimal(21,9) not null default 0, MODIFY `date` datetime(6)
2025-04-29 23:08:39,428 WARNING database DDL Query made to DB:
ALTER TABLE `tabPatient et demande` MODIFY `taille_estimecm` decimal(21,9) not null default 0, MODIFY `date` datetime(6), MODIFY `poid_estimé_kg` decimal(21,9) not null default 0
2025-04-29 23:44:10,397 WARNING database DDL Query made to DB:
alter table `tabNotice Serology Item` add column if not exists parent varchar(140)
2025-04-29 23:44:10,399 WARNING database DDL Query made to DB:
alter table `tabNotice Serology Item` add column if not exists parenttype varchar(140)
2025-04-29 23:44:10,400 WARNING database DDL Query made to DB:
alter table `tabNotice Serology Item` add column if not exists parentfield varchar(140)
2025-04-29 23:44:10,506 WARNING database DDL Query made to DB:
ALTER TABLE `tabNotice Serology Item` MODIFY `result` varchar(140)
2025-04-29 23:44:43,142 WARNING database DDL Query made to DB:
alter table `tabNotice Serology Item` add column if not exists parent varchar(140)
2025-04-29 23:44:43,144 WARNING database DDL Query made to DB:
alter table `tabNotice Serology Item` add column if not exists parenttype varchar(140)
2025-04-29 23:44:43,145 WARNING database DDL Query made to DB:
alter table `tabNotice Serology Item` add column if not exists parentfield varchar(140)
2025-04-29 23:47:28,257 WARNING database DDL Query made to DB:
alter table `tabNotice Serology Item` add column if not exists parent varchar(140)
2025-04-29 23:47:28,259 WARNING database DDL Query made to DB:
alter table `tabNotice Serology Item` add column if not exists parenttype varchar(140)
2025-04-29 23:47:28,260 WARNING database DDL Query made to DB:
alter table `tabNotice Serology Item` add column if not exists parentfield varchar(140)
2025-04-30 09:59:19,540 WARNING database DDL Query made to DB:
alter table `tabNotice Serology Item` add column if not exists parent varchar(140)
2025-04-30 09:59:19,548 WARNING database DDL Query made to DB:
alter table `tabNotice Serology Item` add column if not exists parenttype varchar(140)
2025-04-30 09:59:19,549 WARNING database DDL Query made to DB:
alter table `tabNotice Serology Item` add column if not exists parentfield varchar(140)
2025-04-30 10:00:01,934 WARNING database DDL Query made to DB:
alter table `tabNotice Serology Item` add column if not exists parent varchar(140)
2025-04-30 10:00:01,946 WARNING database DDL Query made to DB:
alter table `tabNotice Serology Item` add column if not exists parenttype varchar(140)
2025-04-30 10:00:01,947 WARNING database DDL Query made to DB:
alter table `tabNotice Serology Item` add column if not exists parentfield varchar(140)
2025-04-30 10:43:06,229 WARNING database DDL Query made to DB:
alter table `tabNotice Serology Item` add column if not exists parent varchar(140)
2025-04-30 10:43:06,236 WARNING database DDL Query made to DB:
alter table `tabNotice Serology Item` add column if not exists parenttype varchar(140)
2025-04-30 10:43:06,237 WARNING database DDL Query made to DB:
alter table `tabNotice Serology Item` add column if not exists parentfield varchar(140)
2025-04-30 10:43:06,363 WARNING database DDL Query made to DB:
ALTER TABLE `tabNotice Serology Item` MODIFY `result` text
2025-04-30 12:09:49,405 WARNING database DDL Query made to DB:
ALTER TABLE `tabPatient et demande` MODIFY `date` datetime(6), MODIFY `taille_estimecm` decimal(21,9) not null default 0, MODIFY `poid_estimé_kg` decimal(21,9) not null default 0
2025-04-30 12:09:49,928 WARNING database DDL Query made to DB:
ALTER TABLE `tabPatient et demande` MODIFY `taille_estimecm` decimal(21,9) not null default 0, MODIFY `date` datetime(6), MODIFY `poid_estimé_kg` decimal(21,9) not null default 0
2025-04-30 12:09:50,452 WARNING database DDL Query made to DB:
ALTER TABLE `tabPatient et demande` MODIFY `date` datetime(6), MODIFY `poid_estimé_kg` decimal(21,9) not null default 0, MODIFY `taille_estimecm` decimal(21,9) not null default 0
2025-04-30 12:25:26,996 WARNING database DDL Query made to DB:
ALTER TABLE `tabPatient et demande` MODIFY `taille_estimecm` decimal(21,9) not null default 0, MODIFY `date` datetime(6), MODIFY `poid_estimé_kg` decimal(21,9) not null default 0
2025-04-30 15:51:36,156 WARNING database DDL Query made to DB:
alter table `tabNotice Other Biology Item` add column if not exists parent varchar(140)
2025-04-30 15:51:36,159 WARNING database DDL Query made to DB:
alter table `tabNotice Other Biology Item` add column if not exists parenttype varchar(140)
2025-04-30 15:51:36,160 WARNING database DDL Query made to DB:
alter table `tabNotice Other Biology Item` add column if not exists parentfield varchar(140)
2025-04-30 16:00:02,318 WARNING database DDL Query made to DB:
alter table `tabNotice EPS Item` add column if not exists parent varchar(140)
2025-04-30 16:00:02,321 WARNING database DDL Query made to DB:
alter table `tabNotice EPS Item` add column if not exists parenttype varchar(140)
2025-04-30 16:00:02,322 WARNING database DDL Query made to DB:
alter table `tabNotice EPS Item` add column if not exists parentfield varchar(140)
2025-04-30 16:03:58,242 WARNING database DDL Query made to DB:
alter table `tabNotice PCR Item` add column if not exists parent varchar(140)
2025-04-30 16:03:58,244 WARNING database DDL Query made to DB:
alter table `tabNotice PCR Item` add column if not exists parenttype varchar(140)
2025-04-30 16:03:58,245 WARNING database DDL Query made to DB:
alter table `tabNotice PCR Item` add column if not exists parentfield varchar(140)
2025-04-30 16:04:39,414 WARNING database DDL Query made to DB:
alter table `tabNotice PCR Item` add column if not exists parent varchar(140)
2025-04-30 16:04:39,415 WARNING database DDL Query made to DB:
alter table `tabNotice PCR Item` add column if not exists parenttype varchar(140)
2025-04-30 16:04:39,416 WARNING database DDL Query made to DB:
alter table `tabNotice PCR Item` add column if not exists parentfield varchar(140)
2025-04-30 16:06:10,782 WARNING database DDL Query made to DB:
alter table `tabNotice PCR Item` add column if not exists parent varchar(140)
2025-04-30 16:06:10,783 WARNING database DDL Query made to DB:
alter table `tabNotice PCR Item` add column if not exists parenttype varchar(140)
2025-04-30 16:06:10,784 WARNING database DDL Query made to DB:
alter table `tabNotice PCR Item` add column if not exists parentfield varchar(140)
2025-04-30 16:07:45,086 WARNING database DDL Query made to DB:
alter table `tabNotice PCR Item` add column if not exists parent varchar(140)
2025-04-30 16:07:45,087 WARNING database DDL Query made to DB:
alter table `tabNotice PCR Item` add column if not exists parenttype varchar(140)
2025-04-30 16:07:45,088 WARNING database DDL Query made to DB:
alter table `tabNotice PCR Item` add column if not exists parentfield varchar(140)
2025-04-30 16:08:27,250 WARNING database DDL Query made to DB:
alter table `tabNotice PCR Item` add column if not exists parent varchar(140)
2025-04-30 16:08:27,252 WARNING database DDL Query made to DB:
alter table `tabNotice PCR Item` add column if not exists parenttype varchar(140)
2025-04-30 16:08:27,252 WARNING database DDL Query made to DB:
alter table `tabNotice PCR Item` add column if not exists parentfield varchar(140)
2025-05-08 11:16:21,571 WARNING database DDL Query made to DB:
ALTER TABLE `tabPatient et demande` MODIFY `date` datetime(6), MODIFY `poid_estimé_kg` decimal(21,9) not null default 0, MODIFY `taille_estimecm` decimal(21,9) not null default 0
2025-05-08 11:20:17,027 WARNING database DDL Query made to DB:
ALTER TABLE `tabPatient et demande` MODIFY `date` datetime(6), MODIFY `poid_estimé_kg` decimal(21,9) not null default 0, MODIFY `taille_estimecm` decimal(21,9) not null default 0
2025-05-08 11:24:29,555 WARNING database DDL Query made to DB:
ALTER TABLE `tabPatient et demande` ADD COLUMN `custom_none` int(1) not null default 0
2025-05-08 11:24:29,570 WARNING database DDL Query made to DB:
ALTER TABLE `tabPatient et demande` MODIFY `poid_estimé_kg` decimal(21,9) not null default 0, MODIFY `taille_estimecm` decimal(21,9) not null default 0, MODIFY `date` datetime(6)
2025-05-08 11:24:33,582 WARNING database DDL Query made to DB:
ALTER TABLE `tabPatient et demande` MODIFY `taille_estimecm` decimal(21,9) not null default 0, MODIFY `date` datetime(6), MODIFY `poid_estimé_kg` decimal(21,9) not null default 0
2025-05-08 11:33:04,429 WARNING database DDL Query made to DB:
ALTER TABLE `tabPatient et demande` MODIFY `taille_estimecm` decimal(21,9) not null default 0, MODIFY `date` datetime(6), MODIFY `poid_estimé_kg` decimal(21,9) not null default 0
2025-05-08 11:33:53,324 WARNING database DDL Query made to DB:
ALTER TABLE `tabPatient et demande` MODIFY `taille_estimecm` decimal(21,9) not null default 0, MODIFY `date` datetime(6), MODIFY `poid_estimé_kg` decimal(21,9) not null default 0
2025-05-08 11:35:08,342 WARNING database DDL Query made to DB:
ALTER TABLE `tabPatient et demande` MODIFY `poid_estimé_kg` decimal(21,9) not null default 0, MODIFY `date` datetime(6), MODIFY `taille_estimecm` decimal(21,9) not null default 0
2025-05-08 11:37:49,360 WARNING database DDL Query made to DB:
ALTER TABLE `tabPatient et demande` MODIFY `taille_estimecm` decimal(21,9) not null default 0, MODIFY `date` datetime(6), MODIFY `poid_estimé_kg` decimal(21,9) not null default 0
2025-05-08 11:40:37,072 WARNING database DDL Query made to DB:
ALTER TABLE `tabPatient et demande` MODIFY `poid_estimé_kg` decimal(21,9) not null default 0, MODIFY `taille_estimecm` decimal(21,9) not null default 0, MODIFY `date` datetime(6)
2025-05-08 11:41:43,960 WARNING database DDL Query made to DB:
ALTER TABLE `tabPatient et demande` MODIFY `poid_estimé_kg` decimal(21,9) not null default 0, MODIFY `taille_estimecm` decimal(21,9) not null default 0, MODIFY `date` datetime(6)
2025-05-08 11:42:15,701 WARNING database DDL Query made to DB:
ALTER TABLE `tabPatient et demande` MODIFY `date` datetime(6), MODIFY `poid_estimé_kg` decimal(21,9) not null default 0, MODIFY `taille_estimecm` decimal(21,9) not null default 0
2025-05-08 15:52:14,629 WARNING database DDL Query made to DB:
ALTER TABLE `tabPatient et demande` MODIFY `poid_estimé_kg` decimal(21,9) not null default 0, MODIFY `taille_estimecm` decimal(21,9) not null default 0, MODIFY `date` datetime(6)
2025-05-08 15:53:32,130 WARNING database DDL Query made to DB:
ALTER TABLE `tabPatient et demande` MODIFY `poid_estimé_kg` decimal(21,9) not null default 0, MODIFY `taille_estimecm` decimal(21,9) not null default 0, MODIFY `date` datetime(6)
2025-05-08 15:53:48,749 WARNING database DDL Query made to DB:
ALTER TABLE `tabPatient et demande` MODIFY `date` datetime(6), MODIFY `poid_estimé_kg` decimal(21,9) not null default 0, MODIFY `taille_estimecm` decimal(21,9) not null default 0
2025-05-09 11:27:14,515 WARNING database DDL Query made to DB:
alter table `tabNotice EPS Item` add column if not exists parent varchar(140)
2025-05-09 11:27:14,523 WARNING database DDL Query made to DB:
alter table `tabNotice EPS Item` add column if not exists parenttype varchar(140)
2025-05-09 11:27:14,524 WARNING database DDL Query made to DB:
alter table `tabNotice EPS Item` add column if not exists parentfield varchar(140)
2025-05-09 11:27:42,219 WARNING database DDL Query made to DB:
alter table `tabNotice Serology Item` add column if not exists parent varchar(140)
2025-05-09 11:27:42,220 WARNING database DDL Query made to DB:
alter table `tabNotice Serology Item` add column if not exists parenttype varchar(140)
2025-05-09 11:27:42,221 WARNING database DDL Query made to DB:
alter table `tabNotice Serology Item` add column if not exists parentfield varchar(140)
2025-05-09 11:29:32,460 WARNING database DDL Query made to DB:
alter table `tabNotice Lumbar Puncture Item` add column if not exists parent varchar(140)
2025-05-09 11:29:32,461 WARNING database DDL Query made to DB:
alter table `tabNotice Lumbar Puncture Item` add column if not exists parenttype varchar(140)
2025-05-09 11:29:32,462 WARNING database DDL Query made to DB:
alter table `tabNotice Lumbar Puncture Item` add column if not exists parentfield varchar(140)
2025-05-09 11:29:32,573 WARNING database DDL Query made to DB:
ALTER TABLE `tabNotice Lumbar Puncture Item` MODIFY `pnn` decimal(21,9) not null default 0, MODIFY `lymphocytes_lc` decimal(21,9) not null default 0
2025-05-09 11:29:50,070 WARNING database DDL Query made to DB:
alter table `tabNotice RBK Item` add column if not exists parent varchar(140)
2025-05-09 11:29:50,076 WARNING database DDL Query made to DB:
alter table `tabNotice RBK Item` add column if not exists parenttype varchar(140)
2025-05-09 11:29:50,077 WARNING database DDL Query made to DB:
alter table `tabNotice RBK Item` add column if not exists parentfield varchar(140)
2025-05-09 11:34:47,867 WARNING database DDL Query made to DB:
alter table `tabNotice PCR Item` add column if not exists parent varchar(140)
2025-05-09 11:34:47,872 WARNING database DDL Query made to DB:
alter table `tabNotice PCR Item` add column if not exists parenttype varchar(140)
2025-05-09 11:34:47,873 WARNING database DDL Query made to DB:
alter table `tabNotice PCR Item` add column if not exists parentfield varchar(140)
2025-05-09 13:36:23,972 WARNING database DDL Query made to DB:
ALTER TABLE `tabPatient et demande` MODIFY `poid_estimé_kg` decimal(21,9) not null default 0, MODIFY `date` datetime(6), MODIFY `taille_estimecm` decimal(21,9) not null default 0
2025-05-09 13:37:39,421 WARNING database DDL Query made to DB:
ALTER TABLE `tabPatient et demande` MODIFY `poid_estimé_kg` decimal(21,9) not null default 0, MODIFY `date` datetime(6), MODIFY `taille_estimecm` decimal(21,9) not null default 0
2025-05-09 13:39:46,881 WARNING database DDL Query made to DB:
ALTER TABLE `tabPatient et demande` ADD COLUMN `custom_no_facture` int(1) not null default 0
2025-05-09 13:39:46,896 WARNING database DDL Query made to DB:
ALTER TABLE `tabPatient et demande` MODIFY `poid_estimé_kg` decimal(21,9) not null default 0, MODIFY `taille_estimecm` decimal(21,9) not null default 0, MODIFY `date` datetime(6)
2025-05-09 13:39:51,023 WARNING database DDL Query made to DB:
ALTER TABLE `tabPatient et demande` MODIFY `taille_estimecm` decimal(21,9) not null default 0, MODIFY `poid_estimé_kg` decimal(21,9) not null default 0, MODIFY `date` datetime(6)
2025-05-09 13:40:13,440 WARNING database DDL Query made to DB:
ALTER TABLE `tabPatient et demande` MODIFY `taille_estimecm` decimal(21,9) not null default 0, MODIFY `date` datetime(6), MODIFY `poid_estimé_kg` decimal(21,9) not null default 0
2025-05-13 00:39:56,480 WARNING database DDL Query made to DB:
ALTER TABLE `tabPatient et demande` MODIFY `poid_estimé_kg` decimal(21,9) not null default 0, MODIFY `custom_emergency_status` varchar(140) default 'Not Urgent', MODIFY `taille_estimecm` decimal(21,9) not null default 0, MODIFY `date` datetime(6)
2025-05-13 00:43:26,372 WARNING database DDL Query made to DB:
ALTER TABLE `tabPatient et demande` MODIFY `taille_estimecm` decimal(21,9) not null default 0, MODIFY `poid_estimé_kg` decimal(21,9) not null default 0, MODIFY `custom_emergency_status` varchar(140), MODIFY `date` datetime(6)
2025-05-13 00:45:41,826 WARNING database DDL Query made to DB:
create table `tabVaccine Types` (
			name varchar(140) primary key,
			creation datetime(6),
			modified datetime(6),
			modified_by varchar(140),
			owner varchar(140),
			docstatus int(1) not null default '0',
			idx int(8) not null default '0',
			parent varchar(140),
parentfield varchar(140),
parenttype varchar(140),
index parent(parent))
			ENGINE=InnoDB
			ROW_FORMAT=DYNAMIC
			CHARACTER SET=utf8mb4
			COLLATE=utf8mb4_unicode_ci
2025-05-13 00:46:22,186 WARNING database DDL Query made to DB:
alter table `tabVaccine Types` add column if not exists parent varchar(140)
2025-05-13 00:46:22,188 WARNING database DDL Query made to DB:
alter table `tabVaccine Types` add column if not exists parenttype varchar(140)
2025-05-13 00:46:22,188 WARNING database DDL Query made to DB:
alter table `tabVaccine Types` add column if not exists parentfield varchar(140)
2025-05-13 00:46:22,275 WARNING database DDL Query made to DB:
ALTER TABLE `tabVaccine Types` ADD COLUMN `vaccine_type` varchar(140)
2025-05-13 00:51:34,095 WARNING database DDL Query made to DB:
alter table `tabVaccine Types` add column if not exists parent varchar(140)
2025-05-13 00:51:34,096 WARNING database DDL Query made to DB:
alter table `tabVaccine Types` add column if not exists parenttype varchar(140)
2025-05-13 00:51:34,097 WARNING database DDL Query made to DB:
alter table `tabVaccine Types` add column if not exists parentfield varchar(140)
2025-05-13 00:57:31,388 WARNING database DDL Query made to DB:
ALTER TABLE `tabPatient et demande` MODIFY `poid_estimé_kg` decimal(21,9) not null default 0, MODIFY `date` datetime(6), MODIFY `custom_emergency_status` varchar(140), MODIFY `taille_estimecm` decimal(21,9) not null default 0
2025-05-13 02:10:40,698 WARNING database DDL Query made to DB:
ALTER TABLE `tabExpert` ADD COLUMN `nom_du_patient` varchar(140)
2025-05-13 02:11:28,150 WARNING database DDL Query made to DB:
ALTER TABLE `tabExpert` ADD UNIQUE INDEX IF NOT EXISTS nom_du_patient (`nom_du_patient`)
